15:28:35.492 [main] INFO  org.testng.internal.Utils - [TestNG] Running:
  C:\Users\HP\eclipse-workspace\TestArchitectv1.0.0\master.xml

15:28:37.865 [main] INFO  testCases.TC002_LoginTest - ****** Starting TC002 Login Test*****
15:33:16.937 [main] INFO  org.testng.internal.Utils - [TestNG] Running:
  C:\Users\HP\eclipse-workspace\TestArchitectv1.0.0\master.xml

15:33:19.383 [main] INFO  testCases.TC002_LoginTest - ****** Starting TC002 Login Test*****
15:33:20.810 [main] INFO  testCases.TC002_LoginTest - ****** Finished TC002 Login Test*****
17:05:16.946 [main] INFO  org.testng.internal.Utils - [TestNG] Running:
  C:\Users\HP\eclipse-workspace\TestArchitectv1.0.0\master.xml

17:05:21.483 [main] INFO  testCases.TC003_LoginDDT - *****TC003 Start the  test case
17:05:22.753 [main] INFO  testCases.TC003_LoginDDT - *****TC003 Start the  test case
17:05:42.875 [main] INFO  testCases.TC003_LoginDDT - *****TC003 Start the  test case
17:06:02.973 [main] INFO  testCases.TC003_LoginDDT - *****TC003 Start the  test case
17:10:11.108 [main] INFO  org.testng.internal.Utils - [TestNG] Running:
  C:\Users\HP\eclipse-workspace\TestArchitectv1.0.0\master.xml

17:10:14.675 [main] INFO  testCases.TC003_LoginDDT - *****TC003 Start the  test case
17:10:18.214 [main] INFO  testCases.TC003_LoginDDT - *****TC003 Finished the  test case
17:10:18.220 [main] INFO  testCases.TC003_LoginDDT - *****TC003 Start the  test case
17:10:38.934 [main] INFO  testCases.TC003_LoginDDT - *****TC003 Start the  test case
17:10:59.550 [main] INFO  testCases.TC003_LoginDDT - *****TC003 Start the  test case
17:17:58.040 [main] INFO  org.testng.internal.Utils - [TestNG] Running:
  C:\Users\HP\eclipse-workspace\TestArchitectv1.0.0\master.xml

17:18:01.560 [main] INFO  testCases.TC003_LoginDDT - *****TC003 Start the  test case
17:18:25.109 [main] INFO  testCases.TC003_LoginDDT - *****TC003 Start the  test case
17:18:45.874 [main] INFO  testCases.TC003_LoginDDT - *****TC003 Finished the  test case
17:18:45.877 [main] INFO  testCases.TC003_LoginDDT - *****TC003 Start the  test case
17:19:06.490 [main] INFO  testCases.TC003_LoginDDT - *****TC003 Finished the  test case
17:19:06.492 [main] INFO  testCases.TC003_LoginDDT - *****TC003 Start the  test case
17:19:27.102 [main] INFO  testCases.TC003_LoginDDT - *****TC003 Finished the  test case
17:24:31.726 [main] INFO  org.testng.internal.Utils - [TestNG] Running:
  C:\Users\HP\eclipse-workspace\TestArchitectv1.0.0\master.xml

17:24:35.111 [main] INFO  testCases.TC003_LoginDDT - *****TC003 Start the  test case
17:24:38.646 [main] INFO  testCases.TC003_LoginDDT - *****TC003 Finished the  test case
17:24:38.652 [main] INFO  testCases.TC003_LoginDDT - *****TC003 Start the  test case
17:24:59.297 [main] INFO  testCases.TC003_LoginDDT - *****TC003 Finished the  test case
17:24:59.297 [main] INFO  testCases.TC003_LoginDDT - *****TC003 Start the  test case
17:25:19.936 [main] INFO  testCases.TC003_LoginDDT - *****TC003 Finished the  test case
17:25:19.938 [main] INFO  testCases.TC003_LoginDDT - *****TC003 Start the  test case
17:25:40.594 [main] INFO  testCases.TC003_LoginDDT - *****TC003 Finished the  test case
17:27:12.066 [main] INFO  org.testng.internal.Utils - [TestNG] Running:
  C:\Users\HP\eclipse-workspace\TestArchitectv1.0.0\master.xml

17:27:15.348 [main] INFO  testCases.TC003_LoginDDT - *****TC003 Start the  test case
17:27:18.891 [main] INFO  testCases.TC003_LoginDDT - *****TC003 Finished the  test case
17:27:18.898 [main] INFO  testCases.TC003_LoginDDT - *****TC003 Start the  test case
17:27:20.967 [main] INFO  testCases.TC003_LoginDDT - *****TC003 Start the  test case
17:27:40.163 [main] INFO  testCases.TC003_LoginDDT - *****TC003 Start the  test case
17:28:06.596 [main] INFO  org.testng.internal.Utils - [TestNG] Running:
  C:\Users\HP\eclipse-workspace\TestArchitectv1.0.0\master.xml

17:28:09.936 [main] INFO  testCases.TC003_LoginDDT - *****TC003 Start the  test case
17:28:13.420 [main] INFO  testCases.TC003_LoginDDT - *****TC003 Finished the  test case
17:28:13.426 [main] INFO  testCases.TC003_LoginDDT - *****TC003 Start the  test case
17:28:16.779 [main] INFO  testCases.TC003_LoginDDT - *****TC003 Start the  test case
17:28:37.422 [main] INFO  testCases.TC003_LoginDDT - *****TC003 Finished the  test case
17:28:37.424 [main] INFO  testCases.TC003_LoginDDT - *****TC003 Start the  test case
17:28:58.036 [main] INFO  testCases.TC003_LoginDDT - *****TC003 Finished the  test case
19:13:15.285 [main] INFO  org.testng.internal.Utils - [TestNG] Running:
  C:\Users\HP\eclipse-workspace\TestArchitectv1.0.0\grouping.xml

19:13:18.642 [main] INFO  testCases.TC001_AccountRegistration - ****Starting T001 Account Registration*****
19:13:18.812 [main] INFO  testCases.TC001_AccountRegistration - ****click my  account*****
19:13:19.326 [main] INFO  testCases.TC001_AccountRegistration - ****click on Register*****
19:13:19.330 [main] INFO  testCases.TC001_AccountRegistration - ****set First Name*****
